<?xml version="1.0" encoding="UTF-8"?>
<!-- Generated by org.testng.reporters.JUnitXMLReporter -->
<testsuite ignored="0" hostname="LAPTOP-BIH2HGOD" failures="0" tests="4" name="Test" time="19.787" errors="0" timestamp="2022-12-06T15:53:23 IST">
  <testcase classname="Test.FourTest" name="Fourtest" time="6.273"/>
  <testcase classname="Test.TwoTest" name="testTwo" time="4.726"/>
  <testcase classname="Test.LoginTest" name="test" time="1.32"/>
  <testcase classname="Test.ThreeTest" name="ThreeTest" time="4.016"/>
</testsuite> <!-- Test -->
