<?xml version="1.0" encoding="UTF-8"?>
<!-- Generated by org.testng.reporters.JUnitXMLReporter -->
<testsuite ignored="0" hostname="LAPTOP-BIH2HGOD" failures="0" tests="5" name="Test" time="18.519" errors="0" timestamp="2022-12-05T00:18:37 IST">
  <testcase classname="Test.FourTest" name="Fourtest" time="0.003"/>
  <testcase classname="Test.TwoTest" name="testTwo" time="0.0"/>
  <testcase classname="Test.LoginTest" name="test" time="0.902"/>
  <testcase classname="Test.LoginTest" name="test" time="10.857"/>
  <testcase classname="Test.ThreeTest" name="ThreeTest" time="0.0"/>
</testsuite> <!-- Test -->
